d:\3rd\tinyxml\tinyxml\releasetinyxmlstl\tinyxmlstl.bsc
d:\3rd\tinyxml\tinyxml\releasetinyxmlstl\tinyxmlstl.pdb
d:\3rd\tinyxml\tinyxml\releasetinyxmlstl\tinystr.sbr
d:\3rd\tinyxml\tinyxml\releasetinyxmlstl\tinyxml.sbr
d:\3rd\tinyxml\tinyxml\releasetinyxmlstl\tinyxmlerror.sbr
d:\3rd\tinyxml\tinyxml\releasetinyxmlstl\tinyxmlparser.sbr
d:\3rd\tinyxml\tinyxml\releasetinyxmlstl\tinyxmlparser.obj
d:\3rd\tinyxml\tinyxml\releasetinyxmlstl\tinyxmlerror.obj
d:\3rd\tinyxml\tinyxml\releasetinyxmlstl\tinyxml.obj
d:\3rd\tinyxml\tinyxml\releasetinyxmlstl\tinystr.obj
d:\3rd\tinyxml\tinyxml\releasetinyxmlstl\tinyxmlstl.lib
d:\3rd\tinyxml\tinyxml\releasetinyxmlstl\tinyxmlstl.tlog\bscmake.command.1.tlog
d:\3rd\tinyxml\tinyxml\releasetinyxmlstl\tinyxmlstl.tlog\bscmake.read.1.tlog
d:\3rd\tinyxml\tinyxml\releasetinyxmlstl\tinyxmlstl.tlog\bscmake.write.1.tlog
d:\3rd\tinyxml\tinyxml\releasetinyxmlstl\tinyxmlstl.tlog\cl.command.1.tlog
d:\3rd\tinyxml\tinyxml\releasetinyxmlstl\tinyxmlstl.tlog\cl.read.1.tlog
d:\3rd\tinyxml\tinyxml\releasetinyxmlstl\tinyxmlstl.tlog\cl.write.1.tlog
d:\3rd\tinyxml\tinyxml\releasetinyxmlstl\tinyxmlstl.tlog\lib-link.read.1.tlog
d:\3rd\tinyxml\tinyxml\releasetinyxmlstl\tinyxmlstl.tlog\lib-link.write.1.tlog
d:\3rd\tinyxml\tinyxml\releasetinyxmlstl\tinyxmlstl.tlog\lib.command.1.tlog
