This file contains any messages produced by compilers while
running configure, to aid debugging if configure makes a mistake.

It was created by expat configure 2.4.1, which was
generated by GNU Autoconf 2.69.  Invocation command line was

  $ ./configure 

## --------- ##
## Platform. ##
## --------- ##

hostname = VM-4-14-centos
uname -m = x86_64
uname -r = 4.18.0-305.3.1.el8.x86_64
uname -s = Linux
uname -v = #1 SMP Tue Jun 1 16:14:33 UTC 2021

/usr/bin/uname -p = x86_64
/bin/uname -X     = unknown

/bin/arch              = x86_64
/usr/bin/arch -k       = unknown
/usr/convex/getsysinfo = unknown
/usr/bin/hostinfo      = unknown
/bin/machine           = unknown
/usr/bin/oslevel       = unknown
/bin/universe          = unknown

PATH: /home/lighthouse/.local/bin
PATH: /home/lighthouse/bin
PATH: /root/.vscode-server/bin/b5205cc8eb4fbaa726835538cd82372cc0222d43/bin/remote-cli
PATH: /usr/local/sbin
PATH: /usr/local/bin
PATH: /usr/sbin
PATH: /usr/bin
PATH: /root/bin


## ----------- ##
## Core tests. ##
## ----------- ##

configure:2710: checking build system type
configure:2724: result: x86_64-pc-linux-gnu
configure:2744: checking host system type
configure:2757: result: x86_64-pc-linux-gnu
configure:2793: checking for a BSD-compatible install
configure:2861: result: /usr/bin/install -c
configure:2872: checking whether build environment is sane
configure:2927: result: yes
configure:3073: checking for a thread-safe mkdir -p
configure:3112: result: /usr/bin/mkdir -p
configure:3119: checking for gawk
configure:3135: found /usr/bin/gawk
configure:3146: result: gawk
configure:3157: checking whether make sets $(MAKE)
configure:3179: result: yes
configure:3208: checking whether make supports nested variables
configure:3225: result: yes
configure:3365: checking whether make supports the include directive
configure:3380: make -f confmf.GNU && cat confinc.out
this is the am__doit target
configure:3383: $? = 0
configure:3402: result: yes (GNU style)
configure:3472: checking for gcc
configure:3488: found /usr/bin/gcc
configure:3499: result: gcc
configure:3728: checking for C compiler version
configure:3737: gcc --version >&5
gcc (GCC) 8.5.0 20210514 (Red Hat 8.5.0-4)
Copyright (C) 2018 Free Software Foundation, Inc.
This is free software; see the source for copying conditions.  There is NO
warranty; not even for MERCHANTABILITY or FITNESS FOR A PARTICULAR PURPOSE.

configure:3748: $? = 0
configure:3737: gcc -v >&5
Using built-in specs.
COLLECT_GCC=gcc
COLLECT_LTO_WRAPPER=/usr/libexec/gcc/x86_64-redhat-linux/8/lto-wrapper
OFFLOAD_TARGET_NAMES=nvptx-none
OFFLOAD_TARGET_DEFAULT=1
Target: x86_64-redhat-linux
Configured with: ../configure --enable-bootstrap --enable-languages=c,c++,fortran,lto --prefix=/usr --mandir=/usr/share/man --infodir=/usr/share/info --with-bugurl=http://bugzilla.redhat.com/bugzilla --enable-shared --enable-threads=posix --enable-checking=release --enable-multilib --with-system-zlib --enable-__cxa_atexit --disable-libunwind-exceptions --enable-gnu-unique-object --enable-linker-build-id --with-gcc-major-version-only --with-linker-hash-style=gnu --enable-plugin --enable-initfini-array --with-isl --disable-libmpx --enable-offload-targets=nvptx-none --without-cuda-driver --enable-gnu-indirect-function --enable-cet --with-tune=generic --with-arch_32=x86-64 --build=x86_64-redhat-linux
Thread model: posix
gcc version 8.5.0 20210514 (Red Hat 8.5.0-4) (GCC) 
configure:3748: $? = 0
configure:3737: gcc -V >&5
gcc: error: unrecognized command line option '-V'
gcc: fatal error: no input files
compilation terminated.
configure:3748: $? = 1
configure:3737: gcc -qversion >&5
gcc: error: unrecognized command line option '-qversion'; did you mean '--version'?
gcc: fatal error: no input files
compilation terminated.
configure:3748: $? = 1
configure:3768: checking whether the C compiler works
configure:3790: gcc    conftest.c  >&5
configure:3794: $? = 0
configure:3842: result: yes
configure:3845: checking for C compiler default output file name
configure:3847: result: a.out
configure:3853: checking for suffix of executables
configure:3860: gcc -o conftest    conftest.c  >&5
configure:3864: $? = 0
configure:3886: result: 
configure:3908: checking whether we are cross compiling
configure:3916: gcc -o conftest    conftest.c  >&5
configure:3920: $? = 0
configure:3927: ./conftest
configure:3931: $? = 0
configure:3946: result: no
configure:3951: checking for suffix of object files
configure:3973: gcc -c   conftest.c >&5
configure:3977: $? = 0
configure:3998: result: o
configure:4002: checking whether we are using the GNU C compiler
configure:4021: gcc -c   conftest.c >&5
configure:4021: $? = 0
configure:4030: result: yes
configure:4039: checking whether gcc accepts -g
configure:4059: gcc -c -g  conftest.c >&5
configure:4059: $? = 0
configure:4100: result: yes
configure:4117: checking for gcc option to accept ISO C89
configure:4180: gcc  -c -g -O2  conftest.c >&5
configure:4180: $? = 0
configure:4193: result: none needed
configure:4218: checking whether gcc understands -c and -o together
configure:4240: gcc -c conftest.c -o conftest2.o
configure:4243: $? = 0
configure:4240: gcc -c conftest.c -o conftest2.o
configure:4243: $? = 0
configure:4255: result: yes
configure:4274: checking dependency style of gcc
configure:4385: result: gcc3
configure:4450: checking for ar
configure:4466: found /usr/bin/ar
configure:4477: result: ar
configure:4503: checking the archiver (ar) interface
configure:4519: gcc -c -g -O2  conftest.c >&5
configure:4519: $? = 0
configure:4521: ar cru libconftest.a conftest.o >&5
configure:4524: $? = 0
configure:4552: result: ar
configure:4573: checking whether ln -s works
configure:4577: result: yes
configure:4584: checking whether make sets $(MAKE)
configure:4606: result: yes
configure:4663: checking how to print strings
configure:4690: result: printf
configure:4711: checking for a sed that does not truncate output
configure:4775: result: /usr/bin/sed
configure:4793: checking for grep that handles long lines and -e
configure:4851: result: /usr/bin/grep
configure:4856: checking for egrep
configure:4918: result: /usr/bin/grep -E
configure:4923: checking for fgrep
configure:4985: result: /usr/bin/grep -F
configure:5020: checking for ld used by gcc
configure:5087: result: /usr/bin/ld
configure:5094: checking if the linker (/usr/bin/ld) is GNU ld
configure:5109: result: yes
configure:5121: checking for BSD- or MS-compatible name lister (nm)
configure:5175: result: /usr/bin/nm -B
configure:5305: checking the name lister (/usr/bin/nm -B) interface
configure:5312: gcc -c -g -O2  conftest.c >&5
configure:5315: /usr/bin/nm -B "conftest.o"
configure:5318: output
0000000000000000 B some_variable
configure:5325: result: BSD nm
configure:5329: checking the maximum length of command line arguments
configure:5465: result: 1572864
configure:5513: checking how to convert x86_64-pc-linux-gnu file names to x86_64-pc-linux-gnu format
configure:5553: result: func_convert_file_noop
configure:5560: checking how to convert x86_64-pc-linux-gnu file names to toolchain format
configure:5580: result: func_convert_file_noop
configure:5587: checking for /usr/bin/ld option to reload object files
configure:5594: result: -r
configure:5668: checking for objdump
configure:5684: found /usr/bin/objdump
configure:5695: result: objdump
configure:5724: checking how to recognize dependent libraries
configure:5924: result: pass_all
configure:6009: checking for dlltool
configure:6039: result: no
configure:6066: checking how to associate runtime and link libraries
configure:6093: result: printf %s\n
configure:6217: checking for archiver @FILE support
configure:6234: gcc -c -g -O2  conftest.c >&5
configure:6234: $? = 0
configure:6237: ar cru libconftest.a @conftest.lst >&5
configure:6240: $? = 0
configure:6245: ar cru libconftest.a @conftest.lst >&5
ar: conftest.o: No such file or directory
configure:6248: $? = 1
configure:6260: result: @
configure:6318: checking for strip
configure:6334: found /usr/bin/strip
configure:6345: result: strip
configure:6417: checking for ranlib
configure:6433: found /usr/bin/ranlib
configure:6444: result: ranlib
configure:6546: checking command to parse /usr/bin/nm -B output from gcc object
configure:6699: gcc -c -g -O2  conftest.c >&5
configure:6702: $? = 0
configure:6706: /usr/bin/nm -B conftest.o \| sed -n -e 's/^.*[ ]\([ABCDGIRSTW][ABCDGIRSTW]*\)[ ][ ]*\([_A-Za-z][_A-Za-z0-9]*\)$/\1 \2 \2/p' | sed '/ __gnu_lto/d' \> conftest.nm
configure:6709: $? = 0
configure:6775: gcc -o conftest -g -O2   conftest.c conftstm.o >&5
configure:6778: $? = 0
configure:6816: result: ok
configure:6863: checking for sysroot
configure:6893: result: no
configure:6900: checking for a working dd
configure:6938: result: /usr/bin/dd
configure:6942: checking how to truncate binary pipes
configure:6957: result: /usr/bin/dd bs=4096 count=1
configure:7093: gcc -c -g -O2  conftest.c >&5
configure:7096: $? = 0
configure:7286: checking for mt
configure:7316: result: no
configure:7336: checking if : is a manifest tool
configure:7342: : '-?'
configure:7350: result: no
configure:8027: checking how to run the C preprocessor
configure:8058: gcc -E  conftest.c
configure:8058: $? = 0
configure:8072: gcc -E  conftest.c
conftest.c:11:10: fatal error: ac_nonexistent.h: No such file or directory
 #include <ac_nonexistent.h>
          ^~~~~~~~~~~~~~~~~~
compilation terminated.
configure:8072: $? = 1
configure: failed program was:
| /* confdefs.h */
| #define PACKAGE_NAME "expat"
| #define PACKAGE_TARNAME "expat"
| #define PACKAGE_VERSION "2.4.1"
| #define PACKAGE_STRING "expat 2.4.1"
| #define PACKAGE_BUGREPORT "expat-bugs@libexpat.org"
| #define PACKAGE_URL ""
| #define PACKAGE "expat"
| #define VERSION "2.4.1"
| /* end confdefs.h.  */
| #include <ac_nonexistent.h>
configure:8097: result: gcc -E
configure:8117: gcc -E  conftest.c
configure:8117: $? = 0
configure:8131: gcc -E  conftest.c
conftest.c:11:10: fatal error: ac_nonexistent.h: No such file or directory
 #include <ac_nonexistent.h>
          ^~~~~~~~~~~~~~~~~~
compilation terminated.
configure:8131: $? = 1
configure: failed program was:
| /* confdefs.h */
| #define PACKAGE_NAME "expat"
| #define PACKAGE_TARNAME "expat"
| #define PACKAGE_VERSION "2.4.1"
| #define PACKAGE_STRING "expat 2.4.1"
| #define PACKAGE_BUGREPORT "expat-bugs@libexpat.org"
| #define PACKAGE_URL ""
| #define PACKAGE "expat"
| #define VERSION "2.4.1"
| /* end confdefs.h.  */
| #include <ac_nonexistent.h>
configure:8160: checking for ANSI C header files
configure:8180: gcc -c -g -O2  conftest.c >&5
configure:8180: $? = 0
configure:8253: gcc -o conftest -g -O2   conftest.c  >&5
configure:8253: $? = 0
configure:8253: ./conftest
configure:8253: $? = 0
configure:8264: result: yes
configure:8277: checking for sys/types.h
configure:8277: gcc -c -g -O2  conftest.c >&5
configure:8277: $? = 0
configure:8277: result: yes
configure:8277: checking for sys/stat.h
configure:8277: gcc -c -g -O2  conftest.c >&5
configure:8277: $? = 0
configure:8277: result: yes
configure:8277: checking for stdlib.h
configure:8277: gcc -c -g -O2  conftest.c >&5
configure:8277: $? = 0
configure:8277: result: yes
configure:8277: checking for string.h
configure:8277: gcc -c -g -O2  conftest.c >&5
configure:8277: $? = 0
configure:8277: result: yes
configure:8277: checking for memory.h
configure:8277: gcc -c -g -O2  conftest.c >&5
configure:8277: $? = 0
configure:8277: result: yes
configure:8277: checking for strings.h
configure:8277: gcc -c -g -O2  conftest.c >&5
configure:8277: $? = 0
configure:8277: result: yes
configure:8277: checking for inttypes.h
configure:8277: gcc -c -g -O2  conftest.c >&5
configure:8277: $? = 0
configure:8277: result: yes
configure:8277: checking for stdint.h
configure:8277: gcc -c -g -O2  conftest.c >&5
configure:8277: $? = 0
configure:8277: result: yes
configure:8277: checking for unistd.h
configure:8277: gcc -c -g -O2  conftest.c >&5
configure:8277: $? = 0
configure:8277: result: yes
configure:8291: checking for dlfcn.h
configure:8291: gcc -c -g -O2  conftest.c >&5
configure:8291: $? = 0
configure:8291: result: yes
configure:8845: checking for objdir
configure:8860: result: .libs
configure:9124: checking if gcc supports -fno-rtti -fno-exceptions
configure:9142: gcc -c -g -O2  -fno-rtti -fno-exceptions conftest.c >&5
cc1: warning: command line option '-fno-rtti' is valid for C++/ObjC++ but not for C
configure:9146: $? = 0
configure:9159: result: no
configure:9517: checking for gcc option to produce PIC
configure:9524: result: -fPIC -DPIC
configure:9532: checking if gcc PIC flag -fPIC -DPIC works
configure:9550: gcc -c -g -O2  -fPIC -DPIC -DPIC conftest.c >&5
configure:9554: $? = 0
configure:9567: result: yes
configure:9596: checking if gcc static flag -static works
configure:9624: result: no
configure:9639: checking if gcc supports -c -o file.o
configure:9660: gcc -c -g -O2  -o out/conftest2.o conftest.c >&5
configure:9664: $? = 0
configure:9686: result: yes
configure:9694: checking if gcc supports -c -o file.o
configure:9741: result: yes
configure:9774: checking whether the gcc linker (/usr/bin/ld -m elf_x86_64) supports shared libraries
configure:11033: result: yes
configure:11070: checking whether -lc should be explicitly linked in
configure:11078: gcc -c -g -O2  conftest.c >&5
configure:11081: $? = 0
configure:11096: gcc -shared  -fPIC -DPIC conftest.o  -v -Wl,-soname -Wl,conftest -o conftest 2\>\&1 \| /usr/bin/grep  -lc  \>/dev/null 2\>\&1
configure:11099: $? = 0
configure:11113: result: no
configure:11273: checking dynamic linker characteristics
configure:11867: gcc -o conftest -g -O2   -Wl,-rpath -Wl,/foo conftest.c  >&5
configure:11867: $? = 0
configure:12104: result: GNU/Linux ld.so
configure:12226: checking how to hardcode library paths into programs
configure:12251: result: immediate
configure:12799: checking whether stripping libraries is possible
configure:12804: result: yes
configure:12839: checking if libtool supports shared libraries
configure:12841: result: yes
configure:12844: checking whether to build shared libraries
configure:12869: result: yes
configure:12872: checking whether to build static libraries
configure:12876: result: yes
configure:12924: checking for gcc option to accept ISO C99
configure:13073: gcc  -c -g -O2  conftest.c >&5
configure:13073: $? = 0
configure:13086: result: none needed
configure:13109: checking whether C compiler accepts -Wall
configure:13121: gcc -c -g -O2  -Werror -Wall  conftest.c >&5
configure:13121: $? = 0
configure:13130: result: yes
configure:13157: : AM_CFLAGS="$AM_CFLAGS"
configure:13160: $? = 0
configure:13109: checking whether C compiler accepts -Wextra
configure:13121: gcc -c -g -O2  -Werror -Wextra  conftest.c >&5
configure:13121: $? = 0
configure:13130: result: yes
configure:13146: : AM_CFLAGS="$AM_CFLAGS"
configure:13149: $? = 0
configure:13177: checking whether C compiler accepts -fexceptions
configure:13189: gcc -c -g -O2  -Werror -fexceptions  conftest.c >&5
configure:13189: $? = 0
configure:13198: result: yes
configure:13214: : AM_CFLAGS="$AM_CFLAGS"
configure:13217: $? = 0
configure:13245: checking whether C compiler accepts -fno-strict-aliasing
configure:13257: gcc -c -g -O2  -Werror -fno-strict-aliasing  conftest.c >&5
configure:13257: $? = 0
configure:13266: result: yes
configure:13282: : AM_CFLAGS="$AM_CFLAGS"
configure:13285: $? = 0
configure:13245: checking whether C compiler accepts -Wmissing-prototypes
configure:13257: gcc -c -g -O2  -Werror -Wmissing-prototypes  conftest.c >&5
configure:13257: $? = 0
configure:13266: result: yes
configure:13282: : AM_CFLAGS="$AM_CFLAGS"
configure:13285: $? = 0
configure:13245: checking whether C compiler accepts -Wstrict-prototypes
configure:13257: gcc -c -g -O2  -Werror -Wstrict-prototypes  conftest.c >&5
configure:13257: $? = 0
configure:13266: result: yes
configure:13282: : AM_CFLAGS="$AM_CFLAGS"
configure:13285: $? = 0
configure:13313: checking whether C compiler accepts -pedantic
configure:13325: gcc -c -g -O2  -Werror -pedantic  conftest.c >&5
configure:13325: $? = 0
configure:13334: result: yes
configure:13350: : AM_CFLAGS="$AM_CFLAGS"
configure:13353: $? = 0
configure:13313: checking whether C compiler accepts -Wduplicated-cond
configure:13325: gcc -c -g -O2  -Werror -Wduplicated-cond  conftest.c >&5
configure:13325: $? = 0
configure:13334: result: yes
configure:13350: : AM_CFLAGS="$AM_CFLAGS"
configure:13353: $? = 0
configure:13313: checking whether C compiler accepts -Wduplicated-branches
configure:13325: gcc -c -g -O2  -Werror -Wduplicated-branches  conftest.c >&5
configure:13325: $? = 0
configure:13334: result: yes
configure:13350: : AM_CFLAGS="$AM_CFLAGS"
configure:13353: $? = 0
configure:13313: checking whether C compiler accepts -Wlogical-op
configure:13325: gcc -c -g -O2  -Werror -Wlogical-op  conftest.c >&5
configure:13325: $? = 0
configure:13334: result: yes
configure:13350: : AM_CFLAGS="$AM_CFLAGS"
configure:13353: $? = 0
configure:13381: checking whether C compiler accepts -Wrestrict
configure:13393: gcc -c -g -O2  -Werror -Wrestrict  conftest.c >&5
configure:13393: $? = 0
configure:13402: result: yes
configure:13418: : AM_CFLAGS="$AM_CFLAGS"
configure:13421: $? = 0
configure:13381: checking whether C compiler accepts -Wnull-dereference
configure:13393: gcc -c -g -O2  -Werror -Wnull-dereference  conftest.c >&5
configure:13393: $? = 0
configure:13402: result: yes
configure:13418: : AM_CFLAGS="$AM_CFLAGS"
configure:13421: $? = 0
configure:13381: checking whether C compiler accepts -Wjump-misses-init
configure:13393: gcc -c -g -O2  -Werror -Wjump-misses-init  conftest.c >&5
configure:13393: $? = 0
configure:13402: result: yes
configure:13418: : AM_CFLAGS="$AM_CFLAGS"
configure:13421: $? = 0
configure:13381: checking whether C compiler accepts -Wdouble-promotion
configure:13393: gcc -c -g -O2  -Werror -Wdouble-promotion  conftest.c >&5
configure:13393: $? = 0
configure:13402: result: yes
configure:13418: : AM_CFLAGS="$AM_CFLAGS"
configure:13421: $? = 0
configure:13449: checking whether C compiler accepts -Wshadow
configure:13461: gcc -c -g -O2  -Werror -Wshadow  conftest.c >&5
configure:13461: $? = 0
configure:13470: result: yes
configure:13486: : AM_CFLAGS="$AM_CFLAGS"
configure:13489: $? = 0
configure:13449: checking whether C compiler accepts -Wformat=2
configure:13461: gcc -c -g -O2  -Werror -Wformat=2  conftest.c >&5
configure:13461: $? = 0
configure:13470: result: yes
configure:13486: : AM_CFLAGS="$AM_CFLAGS"
configure:13489: $? = 0
configure:13449: checking whether C compiler accepts -Wno-pedantic-ms-format
configure:13461: gcc -c -g -O2  -Werror -Wno-pedantic-ms-format  conftest.c >&5
configure:13461: $? = 0
configure:13470: result: yes
configure:13486: : AM_CFLAGS="$AM_CFLAGS"
configure:13489: $? = 0
configure:13449: checking whether C compiler accepts -Wmisleading-indentation
configure:13461: gcc -c -g -O2  -Werror -Wmisleading-indentation  conftest.c >&5
configure:13461: $? = 0
configure:13470: result: yes
configure:13486: : AM_CFLAGS="$AM_CFLAGS"
configure:13489: $? = 0
configure:13577: checking for g++
configure:13593: found /usr/bin/g++
configure:13604: result: g++
configure:13631: checking for C++ compiler version
configure:13640: g++ --version >&5
g++ (GCC) 8.5.0 20210514 (Red Hat 8.5.0-4)
Copyright (C) 2018 Free Software Foundation, Inc.
This is free software; see the source for copying conditions.  There is NO
warranty; not even for MERCHANTABILITY or FITNESS FOR A PARTICULAR PURPOSE.

configure:13651: $? = 0
configure:13640: g++ -v >&5
Using built-in specs.
COLLECT_GCC=g++
COLLECT_LTO_WRAPPER=/usr/libexec/gcc/x86_64-redhat-linux/8/lto-wrapper
OFFLOAD_TARGET_NAMES=nvptx-none
OFFLOAD_TARGET_DEFAULT=1
Target: x86_64-redhat-linux
Configured with: ../configure --enable-bootstrap --enable-languages=c,c++,fortran,lto --prefix=/usr --mandir=/usr/share/man --infodir=/usr/share/info --with-bugurl=http://bugzilla.redhat.com/bugzilla --enable-shared --enable-threads=posix --enable-checking=release --enable-multilib --with-system-zlib --enable-__cxa_atexit --disable-libunwind-exceptions --enable-gnu-unique-object --enable-linker-build-id --with-gcc-major-version-only --with-linker-hash-style=gnu --enable-plugin --enable-initfini-array --with-isl --disable-libmpx --enable-offload-targets=nvptx-none --without-cuda-driver --enable-gnu-indirect-function --enable-cet --with-tune=generic --with-arch_32=x86-64 --build=x86_64-redhat-linux
Thread model: posix
gcc version 8.5.0 20210514 (Red Hat 8.5.0-4) (GCC) 
configure:13651: $? = 0
configure:13640: g++ -V >&5
g++: error: unrecognized command line option '-V'
g++: fatal error: no input files
compilation terminated.
configure:13651: $? = 1
configure:13640: g++ -qversion >&5
g++: error: unrecognized command line option '-qversion'; did you mean '--version'?
g++: fatal error: no input files
compilation terminated.
configure:13651: $? = 1
configure:13655: checking whether we are using the GNU C++ compiler
configure:13674: g++ -c   conftest.cpp >&5
configure:13674: $? = 0
configure:13683: result: yes
configure:13692: checking whether g++ accepts -g
configure:13712: g++ -c -g  conftest.cpp >&5
configure:13712: $? = 0
configure:13753: result: yes
configure:13778: checking dependency style of g++
configure:13889: result: gcc3
configure:13922: checking how to run the C++ preprocessor
configure:13949: g++ -E  conftest.cpp
configure:13949: $? = 0
configure:13963: g++ -E  conftest.cpp
conftest.cpp:23:10: fatal error: ac_nonexistent.h: No such file or directory
 #include <ac_nonexistent.h>
          ^~~~~~~~~~~~~~~~~~
compilation terminated.
configure:13963: $? = 1
configure: failed program was:
| /* confdefs.h */
| #define PACKAGE_NAME "expat"
| #define PACKAGE_TARNAME "expat"
| #define PACKAGE_VERSION "2.4.1"
| #define PACKAGE_STRING "expat 2.4.1"
| #define PACKAGE_BUGREPORT "expat-bugs@libexpat.org"
| #define PACKAGE_URL ""
| #define PACKAGE "expat"
| #define VERSION "2.4.1"
| #define STDC_HEADERS 1
| #define HAVE_SYS_TYPES_H 1
| #define HAVE_SYS_STAT_H 1
| #define HAVE_STDLIB_H 1
| #define HAVE_STRING_H 1
| #define HAVE_MEMORY_H 1
| #define HAVE_STRINGS_H 1
| #define HAVE_INTTYPES_H 1
| #define HAVE_STDINT_H 1
| #define HAVE_UNISTD_H 1
| #define HAVE_DLFCN_H 1
| #define LT_OBJDIR ".libs/"
| /* end confdefs.h.  */
| #include <ac_nonexistent.h>
configure:13988: result: g++ -E
configure:14008: g++ -E  conftest.cpp
configure:14008: $? = 0
configure:14022: g++ -E  conftest.cpp
conftest.cpp:23:10: fatal error: ac_nonexistent.h: No such file or directory
 #include <ac_nonexistent.h>
          ^~~~~~~~~~~~~~~~~~
compilation terminated.
configure:14022: $? = 1
configure: failed program was:
| /* confdefs.h */
| #define PACKAGE_NAME "expat"
| #define PACKAGE_TARNAME "expat"
| #define PACKAGE_VERSION "2.4.1"
| #define PACKAGE_STRING "expat 2.4.1"
| #define PACKAGE_BUGREPORT "expat-bugs@libexpat.org"
| #define PACKAGE_URL ""
| #define PACKAGE "expat"
| #define VERSION "2.4.1"
| #define STDC_HEADERS 1
| #define HAVE_SYS_TYPES_H 1
| #define HAVE_SYS_STAT_H 1
| #define HAVE_STDLIB_H 1
| #define HAVE_STRING_H 1
| #define HAVE_MEMORY_H 1
| #define HAVE_STRINGS_H 1
| #define HAVE_INTTYPES_H 1
| #define HAVE_STDINT_H 1
| #define HAVE_UNISTD_H 1
| #define HAVE_DLFCN_H 1
| #define LT_OBJDIR ".libs/"
| /* end confdefs.h.  */
| #include <ac_nonexistent.h>
configure:14184: checking for ld used by g++
configure:14251: result: /usr/bin/ld -m elf_x86_64
configure:14258: checking if the linker (/usr/bin/ld -m elf_x86_64) is GNU ld
configure:14273: result: yes
configure:14328: checking whether the g++ linker (/usr/bin/ld -m elf_x86_64) supports shared libraries
configure:15401: result: yes
configure:15437: g++ -c -g -O2  conftest.cpp >&5
configure:15440: $? = 0
configure:15921: checking for g++ option to produce PIC
configure:15928: result: -fPIC -DPIC
configure:15936: checking if g++ PIC flag -fPIC -DPIC works
configure:15954: g++ -c -g -O2  -fPIC -DPIC -DPIC conftest.cpp >&5
configure:15958: $? = 0
configure:15971: result: yes
configure:15994: checking if g++ static flag -static works
configure:16022: result: no
configure:16034: checking if g++ supports -c -o file.o
configure:16055: g++ -c -g -O2  -o out/conftest2.o conftest.cpp >&5
configure:16059: $? = 0
configure:16081: result: yes
configure:16086: checking if g++ supports -c -o file.o
configure:16133: result: yes
configure:16163: checking whether the g++ linker (/usr/bin/ld -m elf_x86_64) supports shared libraries
configure:16203: result: yes
configure:16344: checking dynamic linker characteristics
configure:17102: result: GNU/Linux ld.so
configure:17167: checking how to hardcode library paths into programs
configure:17192: result: immediate
configure:17240: checking whether C++ compiler accepts -Wall
configure:17252: g++ -c -g -O2  -Werror -Wall  conftest.cpp >&5
configure:17252: $? = 0
configure:17261: result: yes
configure:17288: : AM_CXXFLAGS="$AM_CXXFLAGS"
configure:17291: $? = 0
configure:17240: checking whether C++ compiler accepts -Wextra
configure:17252: g++ -c -g -O2  -Werror -Wextra  conftest.cpp >&5
configure:17252: $? = 0
configure:17261: result: yes
configure:17277: : AM_CXXFLAGS="$AM_CXXFLAGS"
configure:17280: $? = 0
configure:17308: checking whether C++ compiler accepts -fexceptions
configure:17320: g++ -c -g -O2  -Werror -fexceptions  conftest.cpp >&5
configure:17320: $? = 0
configure:17329: result: yes
configure:17345: : AM_CXXFLAGS="$AM_CXXFLAGS"
configure:17348: $? = 0
configure:17376: checking whether C++ compiler accepts -fno-strict-aliasing
configure:17388: g++ -c -g -O2  -Werror -fno-strict-aliasing  conftest.cpp >&5
configure:17388: $? = 0
configure:17397: result: yes
configure:17413: : AM_CXXFLAGS="$AM_CXXFLAGS"
configure:17416: $? = 0
configure:17453: checking whether the linker accepts -fno-strict-aliasing
configure:17472: gcc -o conftest -g -O2    -fno-strict-aliasing conftest.c  >&5
configure:17472: $? = 0
configure:17482: result: yes
configure:17509: : AM_LDFLAGS="$AM_LDFLAGS"
configure:17512: $? = 0
configure:17537: checking whether compiler supports visibility
configure:17552: gcc -c -g -O2 -fvisibility=hidden -Wall -Werror -Wno-unknown-warning-option  conftest.c >&5
configure:17552: $? = 0
configure:17558: result: yes
configure:17575: : AM_CFLAGS="$AM_CFLAGS"
configure:17578: $? = 0
configure:17618: : AM_CPPFLAGS="$AM_CPPFLAGS"
configure:17621: $? = 0
configure:17629: checking whether byte ordering is bigendian
configure:17644: gcc -c -g -O2  conftest.c >&5
conftest.c:24:9: error: unknown type name 'not'
         not a universal capable compiler
         ^~~
conftest.c:24:15: error: expected '=', ',', ';', 'asm' or '__attribute__' before 'universal'
         not a universal capable compiler
               ^~~~~~~~~
conftest.c:24:15: error: unknown type name 'universal'
configure:17644: $? = 1
configure: failed program was:
| /* confdefs.h */
| #define PACKAGE_NAME "expat"
| #define PACKAGE_TARNAME "expat"
| #define PACKAGE_VERSION "2.4.1"
| #define PACKAGE_STRING "expat 2.4.1"
| #define PACKAGE_BUGREPORT "expat-bugs@libexpat.org"
| #define PACKAGE_URL ""
| #define PACKAGE "expat"
| #define VERSION "2.4.1"
| #define STDC_HEADERS 1
| #define HAVE_SYS_TYPES_H 1
| #define HAVE_SYS_STAT_H 1
| #define HAVE_STDLIB_H 1
| #define HAVE_STRING_H 1
| #define HAVE_MEMORY_H 1
| #define HAVE_STRINGS_H 1
| #define HAVE_INTTYPES_H 1
| #define HAVE_STDINT_H 1
| #define HAVE_UNISTD_H 1
| #define HAVE_DLFCN_H 1
| #define LT_OBJDIR ".libs/"
| /* end confdefs.h.  */
| #ifndef __APPLE_CC__
| 	       not a universal capable compiler
| 	     #endif
| 	     typedef int dummy;
| 
configure:17689: gcc -c -g -O2  conftest.c >&5
configure:17689: $? = 0
configure:17707: gcc -c -g -O2  conftest.c >&5
conftest.c: In function 'main':
conftest.c:30:4: error: unknown type name 'not'; did you mean 'ino_t'?
    not big endian
    ^~~
    ino_t
conftest.c:30:12: error: expected '=', ',', ';', 'asm' or '__attribute__' before 'endian'
    not big endian
            ^~~~~~
configure:17707: $? = 1
configure: failed program was:
| /* confdefs.h */
| #define PACKAGE_NAME "expat"
| #define PACKAGE_TARNAME "expat"
| #define PACKAGE_VERSION "2.4.1"
| #define PACKAGE_STRING "expat 2.4.1"
| #define PACKAGE_BUGREPORT "expat-bugs@libexpat.org"
| #define PACKAGE_URL ""
| #define PACKAGE "expat"
| #define VERSION "2.4.1"
| #define STDC_HEADERS 1
| #define HAVE_SYS_TYPES_H 1
| #define HAVE_SYS_STAT_H 1
| #define HAVE_STDLIB_H 1
| #define HAVE_STRING_H 1
| #define HAVE_MEMORY_H 1
| #define HAVE_STRINGS_H 1
| #define HAVE_INTTYPES_H 1
| #define HAVE_STDINT_H 1
| #define HAVE_UNISTD_H 1
| #define HAVE_DLFCN_H 1
| #define LT_OBJDIR ".libs/"
| /* end confdefs.h.  */
| #include <sys/types.h>
| 		#include <sys/param.h>
| 
| int
| main ()
| {
| #if BYTE_ORDER != BIG_ENDIAN
| 		 not big endian
| 		#endif
| 
|   ;
|   return 0;
| }
configure:17835: result: no
configure:17860: checking for an ANSI C-conforming const
configure:17926: gcc -c -g -O2  conftest.c >&5
configure:17926: $? = 0
configure:17933: result: yes
configure:17941: checking for size_t
configure:17941: gcc -c -g -O2  conftest.c >&5
configure:17941: $? = 0
configure:17941: gcc -c -g -O2  conftest.c >&5
conftest.c: In function 'main':
conftest.c:60:21: error: expected expression before ')' token
 if (sizeof ((size_t)))
                     ^
configure:17941: $? = 1
configure: failed program was:
| /* confdefs.h */
| #define PACKAGE_NAME "expat"
| #define PACKAGE_TARNAME "expat"
| #define PACKAGE_VERSION "2.4.1"
| #define PACKAGE_STRING "expat 2.4.1"
| #define PACKAGE_BUGREPORT "expat-bugs@libexpat.org"
| #define PACKAGE_URL ""
| #define PACKAGE "expat"
| #define VERSION "2.4.1"
| #define STDC_HEADERS 1
| #define HAVE_SYS_TYPES_H 1
| #define HAVE_SYS_STAT_H 1
| #define HAVE_STDLIB_H 1
| #define HAVE_STRING_H 1
| #define HAVE_MEMORY_H 1
| #define HAVE_STRINGS_H 1
| #define HAVE_INTTYPES_H 1
| #define HAVE_STDINT_H 1
| #define HAVE_UNISTD_H 1
| #define HAVE_DLFCN_H 1
| #define LT_OBJDIR ".libs/"
| #define BYTEORDER 1234
| /* end confdefs.h.  */
| #include <stdio.h>
| #ifdef HAVE_SYS_TYPES_H
| # include <sys/types.h>
| #endif
| #ifdef HAVE_SYS_STAT_H
| # include <sys/stat.h>
| #endif
| #ifdef STDC_HEADERS
| # include <stdlib.h>
| # include <stddef.h>
| #else
| # ifdef HAVE_STDLIB_H
| #  include <stdlib.h>
| # endif
| #endif
| #ifdef HAVE_STRING_H
| # if !defined STDC_HEADERS && defined HAVE_MEMORY_H
| #  include <memory.h>
| # endif
| # include <string.h>
| #endif
| #ifdef HAVE_STRINGS_H
| # include <strings.h>
| #endif
| #ifdef HAVE_INTTYPES_H
| # include <inttypes.h>
| #endif
| #ifdef HAVE_STDINT_H
| # include <stdint.h>
| #endif
| #ifdef HAVE_UNISTD_H
| # include <unistd.h>
| #endif
| int
| main ()
| {
| if (sizeof ((size_t)))
| 	    return 0;
|   ;
|   return 0;
| }
configure:17941: result: yes
configure:18116: checking for arc4random_buf (BSD or libbsd)
configure:18131: gcc -o conftest -g -O2   conftest.c  >&5
conftest.c: In function 'main':
conftest.c:30:7: warning: implicit declaration of function 'arc4random_buf'; did you mean 'srandom_r'? [-Wimplicit-function-declaration]
       arc4random_buf(NULL, 0U);
       ^~~~~~~~~~~~~~
       srandom_r
/tmp/cca47JqN.o: In function `main':
/home/lighthouse/3rd/expat/expat-2.4.1/conftest.c:30: undefined reference to `arc4random_buf'
collect2: error: ld returned 1 exit status
configure:18131: $? = 1
configure: failed program was:
| /* confdefs.h */
| #define PACKAGE_NAME "expat"
| #define PACKAGE_TARNAME "expat"
| #define PACKAGE_VERSION "2.4.1"
| #define PACKAGE_STRING "expat 2.4.1"
| #define PACKAGE_BUGREPORT "expat-bugs@libexpat.org"
| #define PACKAGE_URL ""
| #define PACKAGE "expat"
| #define VERSION "2.4.1"
| #define STDC_HEADERS 1
| #define HAVE_SYS_TYPES_H 1
| #define HAVE_SYS_STAT_H 1
| #define HAVE_STDLIB_H 1
| #define HAVE_STRING_H 1
| #define HAVE_MEMORY_H 1
| #define HAVE_STRINGS_H 1
| #define HAVE_INTTYPES_H 1
| #define HAVE_STDINT_H 1
| #define HAVE_UNISTD_H 1
| #define HAVE_DLFCN_H 1
| #define LT_OBJDIR ".libs/"
| #define BYTEORDER 1234
| /* end confdefs.h.  */
| 
|     #include <stdlib.h>  /* for arc4random_buf on BSD, for NULL */
|     #if defined(HAVE_LIBBSD)
|     # include <bsd/stdlib.h>
|     #endif
|     int main() {
|       arc4random_buf(NULL, 0U);
|       return 0;
|     }
| 
configure:18138: result: no
configure:18141: checking for arc4random (BSD, macOS or libbsd)
configure:18157: gcc -o conftest -g -O2   conftest.c  >&5
conftest.c: In function 'main':
conftest.c:31:11: warning: implicit declaration of function 'arc4random'; did you mean 'srandom'? [-Wimplicit-function-declaration]
           arc4random();
           ^~~~~~~~~~
           srandom
/tmp/ccRijS7H.o: In function `main':
/home/lighthouse/3rd/expat/expat-2.4.1/conftest.c:31: undefined reference to `arc4random'
collect2: error: ld returned 1 exit status
configure:18157: $? = 1
configure: failed program was:
| /* confdefs.h */
| #define PACKAGE_NAME "expat"
| #define PACKAGE_TARNAME "expat"
| #define PACKAGE_VERSION "2.4.1"
| #define PACKAGE_STRING "expat 2.4.1"
| #define PACKAGE_BUGREPORT "expat-bugs@libexpat.org"
| #define PACKAGE_URL ""
| #define PACKAGE "expat"
| #define VERSION "2.4.1"
| #define STDC_HEADERS 1
| #define HAVE_SYS_TYPES_H 1
| #define HAVE_SYS_STAT_H 1
| #define HAVE_STDLIB_H 1
| #define HAVE_STRING_H 1
| #define HAVE_MEMORY_H 1
| #define HAVE_STRINGS_H 1
| #define HAVE_INTTYPES_H 1
| #define HAVE_STDINT_H 1
| #define HAVE_UNISTD_H 1
| #define HAVE_DLFCN_H 1
| #define LT_OBJDIR ".libs/"
| #define BYTEORDER 1234
| /* end confdefs.h.  */
| 
|        #if defined(HAVE_LIBBSD)
|        # include <bsd/stdlib.h>
|        #else
|        # include <stdlib.h>
|        #endif
|        int main() {
|           arc4random();
|           return 0;
|        }
| 
configure:18164: result: no
configure:18183: checking for getrandom (Linux 3.17+, glibc 2.25+)
configure:18195: gcc -o conftest -g -O2   conftest.c  >&5
configure:18195: $? = 0
configure:18199: result: yes
configure:18222: checking for syscall SYS_getrandom (Linux 3.17+)
configure:18236: gcc -o conftest -g -O2   conftest.c  >&5
configure:18236: $? = 0
configure:18240: result: yes
configure:18256: checking fcntl.h usability
configure:18256: gcc -c -g -O2  conftest.c >&5
configure:18256: $? = 0
configure:18256: result: yes
configure:18256: checking fcntl.h presence
configure:18256: gcc -E  conftest.c
configure:18256: $? = 0
configure:18256: result: yes
configure:18256: checking for fcntl.h
configure:18256: result: yes
configure:18256: checking for unistd.h
configure:18256: result: yes
configure:18266: checking for off_t
configure:18266: gcc -c -g -O2  conftest.c >&5
configure:18266: $? = 0
configure:18266: gcc -c -g -O2  conftest.c >&5
conftest.c: In function 'main':
conftest.c:64:20: error: expected expression before ')' token
 if (sizeof ((off_t)))
                    ^
configure:18266: $? = 1
configure: failed program was:
| /* confdefs.h */
| #define PACKAGE_NAME "expat"
| #define PACKAGE_TARNAME "expat"
| #define PACKAGE_VERSION "2.4.1"
| #define PACKAGE_STRING "expat 2.4.1"
| #define PACKAGE_BUGREPORT "expat-bugs@libexpat.org"
| #define PACKAGE_URL ""
| #define PACKAGE "expat"
| #define VERSION "2.4.1"
| #define STDC_HEADERS 1
| #define HAVE_SYS_TYPES_H 1
| #define HAVE_SYS_STAT_H 1
| #define HAVE_STDLIB_H 1
| #define HAVE_STRING_H 1
| #define HAVE_MEMORY_H 1
| #define HAVE_STRINGS_H 1
| #define HAVE_INTTYPES_H 1
| #define HAVE_STDINT_H 1
| #define HAVE_UNISTD_H 1
| #define HAVE_DLFCN_H 1
| #define LT_OBJDIR ".libs/"
| #define BYTEORDER 1234
| #define HAVE_GETRANDOM 1
| #define HAVE_SYSCALL_GETRANDOM 1
| #define HAVE_FCNTL_H 1
| #define HAVE_UNISTD_H 1
| /* end confdefs.h.  */
| #include <stdio.h>
| #ifdef HAVE_SYS_TYPES_H
| # include <sys/types.h>
| #endif
| #ifdef HAVE_SYS_STAT_H
| # include <sys/stat.h>
| #endif
| #ifdef STDC_HEADERS
| # include <stdlib.h>
| # include <stddef.h>
| #else
| # ifdef HAVE_STDLIB_H
| #  include <stdlib.h>
| # endif
| #endif
| #ifdef HAVE_STRING_H
| # if !defined STDC_HEADERS && defined HAVE_MEMORY_H
| #  include <memory.h>
| # endif
| # include <string.h>
| #endif
| #ifdef HAVE_STRINGS_H
| # include <strings.h>
| #endif
| #ifdef HAVE_INTTYPES_H
| # include <inttypes.h>
| #endif
| #ifdef HAVE_STDINT_H
| # include <stdint.h>
| #endif
| #ifdef HAVE_UNISTD_H
| # include <unistd.h>
| #endif
| int
| main ()
| {
| if (sizeof ((off_t)))
| 	    return 0;
|   ;
|   return 0;
| }
configure:18266: result: yes
configure:18283: checking for stdlib.h
configure:18283: result: yes
configure:18283: checking for unistd.h
configure:18283: result: yes
configure:18283: checking for sys/param.h
configure:18283: gcc -c -g -O2  conftest.c >&5
configure:18283: $? = 0
configure:18283: result: yes
configure:18303: checking for getpagesize
configure:18303: gcc -o conftest -g -O2   conftest.c  >&5
configure:18303: $? = 0
configure:18303: result: yes
configure:18312: checking for working mmap
configure:18459: gcc -o conftest -g -O2   conftest.c  >&5
configure:18459: $? = 0
configure:18459: ./conftest
configure:18459: $? = 0
configure:18469: result: yes
configure:18542: checking for docbook2x-man
configure:18572: result: no
configure:18542: checking for db2x_docbook2man
configure:18572: result: no
configure:18542: checking for docbook2man
configure:18572: result: no
configure:18542: checking for docbook-to-man
configure:18572: result: no
configure:18645: checking size of void *
configure:18650: gcc -o conftest -g -O2   conftest.c  >&5
configure:18650: $? = 0
configure:18650: ./conftest
configure:18650: $? = 0
configure:18664: result: 8
configure:18818: checking that generated files are newer than configure
configure:18824: result: done
configure:18888: creating ./config.status

## ---------------------- ##
## Running config.status. ##
## ---------------------- ##

This file was extended by expat config.status 2.4.1, which was
generated by GNU Autoconf 2.69.  Invocation command line was

  CONFIG_FILES    = 
  CONFIG_HEADERS  = 
  CONFIG_LINKS    = 
  CONFIG_COMMANDS = 
  $ ./config.status 

on VM-4-14-centos

config.status:1243: creating Makefile
config.status:1243: creating expat.pc
config.status:1243: creating cmake/expat-config.cmake
config.status:1243: creating cmake/autotools/expat-config-version.cmake
config.status:1243: creating cmake/autotools/expat-noconfig.cmake
config.status:1243: creating doc/Makefile
config.status:1243: creating examples/Makefile
config.status:1243: creating lib/Makefile
config.status:1243: creating tests/Makefile
config.status:1243: creating tests/benchmark/Makefile
config.status:1243: creating xmlwf/Makefile
config.status:1243: creating run.sh
config.status:1243: creating expat_config.h
config.status:1429: expat_config.h is unchanged
config.status:1477: executing depfiles commands
config.status:1554: cd examples       && sed -e '/# am--include-marker/d' Makefile         | make -f - am--depfiles
config.status:1559: $? = 0
config.status:1554: cd lib       && sed -e '/# am--include-marker/d' Makefile         | make -f - am--depfiles
config.status:1559: $? = 0
config.status:1554: cd tests       && sed -e '/# am--include-marker/d' Makefile         | make -f - am--depfiles
config.status:1559: $? = 0
config.status:1554: cd tests/benchmark       && sed -e '/# am--include-marker/d' Makefile         | make -f - am--depfiles
config.status:1559: $? = 0
config.status:1554: cd xmlwf       && sed -e '/# am--include-marker/d' Makefile         | make -f - am--depfiles
config.status:1559: $? = 0
config.status:1477: executing libtool commands
configure:21369:

Automake flags (can be overridden by user flags):
  AM_CPPFLAGS: -DXML_ENABLE_VISIBILITY=1
    AM_CFLAGS: -Wall -Wextra -fexceptions -fno-strict-aliasing -Wmissing-prototypes -Wstrict-prototypes -pedantic -Wduplicated-cond -Wduplicated-branches -Wlogical-op -Wrestrict -Wnull-dereference -Wjump-misses-init -Wdouble-promotion -Wshadow -Wformat=2 -Wno-pedantic-ms-format -Wmisleading-indentation -fvisibility=hidden
  AM_CXXFLAGS: -Wall -Wextra -fexceptions -fno-strict-aliasing
   AM_LDFLAGS: -fno-strict-aliasing

User flags (override Automake flags on conflict):
     CPPFLAGS: 
       CFLAGS: -g -O2
     CXXFLAGS: -g -O2
      LDFLAGS: 

## ---------------- ##
## Cache variables. ##
## ---------------- ##

ac_cv_build=x86_64-pc-linux-gnu
ac_cv_c_bigendian=no
ac_cv_c_compiler_gnu=yes
ac_cv_c_const=yes
ac_cv_cxx_compiler_gnu=yes
ac_cv_env_CCC_set=
ac_cv_env_CCC_value=
ac_cv_env_CC_set=
ac_cv_env_CC_value=
ac_cv_env_CFLAGS_set=
ac_cv_env_CFLAGS_value=
ac_cv_env_CPPFLAGS_set=
ac_cv_env_CPPFLAGS_value=
ac_cv_env_CPP_set=
ac_cv_env_CPP_value=
ac_cv_env_CXXCPP_set=
ac_cv_env_CXXCPP_value=
ac_cv_env_CXXFLAGS_set=
ac_cv_env_CXXFLAGS_value=
ac_cv_env_CXX_set=
ac_cv_env_CXX_value=
ac_cv_env_DOCBOOK_TO_MAN_set=
ac_cv_env_DOCBOOK_TO_MAN_value=
ac_cv_env_LDFLAGS_set=
ac_cv_env_LDFLAGS_value=
ac_cv_env_LIBS_set=
ac_cv_env_LIBS_value=
ac_cv_env_LT_SYS_LIBRARY_PATH_set=
ac_cv_env_LT_SYS_LIBRARY_PATH_value=
ac_cv_env_build_alias_set=
ac_cv_env_build_alias_value=
ac_cv_env_host_alias_set=
ac_cv_env_host_alias_value=
ac_cv_env_target_alias_set=
ac_cv_env_target_alias_value=
ac_cv_func_getpagesize=yes
ac_cv_func_mmap_fixed_mapped=yes
ac_cv_header_dlfcn_h=yes
ac_cv_header_fcntl_h=yes
ac_cv_header_inttypes_h=yes
ac_cv_header_memory_h=yes
ac_cv_header_stdc=yes
ac_cv_header_stdint_h=yes
ac_cv_header_stdlib_h=yes
ac_cv_header_string_h=yes
ac_cv_header_strings_h=yes
ac_cv_header_sys_param_h=yes
ac_cv_header_sys_stat_h=yes
ac_cv_header_sys_types_h=yes
ac_cv_header_unistd_h=yes
ac_cv_host=x86_64-pc-linux-gnu
ac_cv_objext=o
ac_cv_path_EGREP='/usr/bin/grep -E'
ac_cv_path_FGREP='/usr/bin/grep -F'
ac_cv_path_GREP=/usr/bin/grep
ac_cv_path_SED=/usr/bin/sed
ac_cv_path_install='/usr/bin/install -c'
ac_cv_path_lt_DD=/usr/bin/dd
ac_cv_path_mkdir=/usr/bin/mkdir
ac_cv_prog_AWK=gawk
ac_cv_prog_CPP='gcc -E'
ac_cv_prog_CXXCPP='g++ -E'
ac_cv_prog_ac_ct_AR=ar
ac_cv_prog_ac_ct_CC=gcc
ac_cv_prog_ac_ct_CXX=g++
ac_cv_prog_ac_ct_OBJDUMP=objdump
ac_cv_prog_ac_ct_RANLIB=ranlib
ac_cv_prog_ac_ct_STRIP=strip
ac_cv_prog_cc_c89=
ac_cv_prog_cc_c99=
ac_cv_prog_cc_g=yes
ac_cv_prog_cxx_g=yes
ac_cv_prog_make_make_set=yes
ac_cv_sizeof_void_p=8
ac_cv_type_off_t=yes
ac_cv_type_size_t=yes
am_cv_CC_dependencies_compiler_type=gcc3
am_cv_CXX_dependencies_compiler_type=gcc3
am_cv_ar_interface=ar
am_cv_make_support_nested_variables=yes
am_cv_prog_cc_c_o=yes
ax_cv_check_cflags___Wall=yes
ax_cv_check_cflags___Wdouble_promotion=yes
ax_cv_check_cflags___Wduplicated_branches=yes
ax_cv_check_cflags___Wduplicated_cond=yes
ax_cv_check_cflags___Wextra=yes
ax_cv_check_cflags___Wformat_2=yes
ax_cv_check_cflags___Wjump_misses_init=yes
ax_cv_check_cflags___Wlogical_op=yes
ax_cv_check_cflags___Wmisleading_indentation=yes
ax_cv_check_cflags___Wmissing_prototypes=yes
ax_cv_check_cflags___Wno_pedantic_ms_format=yes
ax_cv_check_cflags___Wnull_dereference=yes
ax_cv_check_cflags___Wrestrict=yes
ax_cv_check_cflags___Wshadow=yes
ax_cv_check_cflags___Wstrict_prototypes=yes
ax_cv_check_cflags___fexceptions=yes
ax_cv_check_cflags___fno_strict_aliasing=yes
ax_cv_check_cflags___pedantic=yes
ax_cv_check_cxxflags___Wall=yes
ax_cv_check_cxxflags___Wextra=yes
ax_cv_check_cxxflags___fexceptions=yes
ax_cv_check_cxxflags___fno_strict_aliasing=yes
ax_cv_check_ldflags___fno_strict_aliasing=yes
expatcfg_cv_compiler_supports_visibility=yes
lt_cv_ar_at_file=@
lt_cv_archive_cmds_need_lc=no
lt_cv_deplibs_check_method=pass_all
lt_cv_file_magic_cmd='$MAGIC_CMD'
lt_cv_file_magic_test_file=
lt_cv_ld_reload_flag=-r
lt_cv_nm_interface='BSD nm'
lt_cv_objdir=.libs
lt_cv_path_LD=/usr/bin/ld
lt_cv_path_LDCXX='/usr/bin/ld -m elf_x86_64'
lt_cv_path_NM='/usr/bin/nm -B'
lt_cv_path_mainfest_tool=no
lt_cv_prog_compiler_c_o=yes
lt_cv_prog_compiler_c_o_CXX=yes
lt_cv_prog_compiler_pic='-fPIC -DPIC'
lt_cv_prog_compiler_pic_CXX='-fPIC -DPIC'
lt_cv_prog_compiler_pic_works=yes
lt_cv_prog_compiler_pic_works_CXX=yes
lt_cv_prog_compiler_rtti_exceptions=no
lt_cv_prog_compiler_static_works=no
lt_cv_prog_compiler_static_works_CXX=no
lt_cv_prog_gnu_ld=yes
lt_cv_prog_gnu_ldcxx=yes
lt_cv_sharedlib_from_linklib_cmd='printf %s\n'
lt_cv_shlibpath_overrides_runpath=no
lt_cv_sys_global_symbol_pipe='sed -n -e '\''s/^.*[	 ]\([ABCDGIRSTW][ABCDGIRSTW]*\)[	 ][	 ]*\([_A-Za-z][_A-Za-z0-9]*\)$/\1 \2 \2/p'\'' | sed '\''/ __gnu_lto/d'\'''
lt_cv_sys_global_symbol_to_c_name_address='sed -n -e '\''s/^: \(.*\) .*$/  {"\1", (void *) 0},/p'\'' -e '\''s/^[ABCDGIRSTW][ABCDGIRSTW]* .* \(.*\)$/  {"\1", (void *) \&\1},/p'\'''
lt_cv_sys_global_symbol_to_c_name_address_lib_prefix='sed -n -e '\''s/^: \(.*\) .*$/  {"\1", (void *) 0},/p'\'' -e '\''s/^[ABCDGIRSTW][ABCDGIRSTW]* .* \(lib.*\)$/  {"\1", (void *) \&\1},/p'\'' -e '\''s/^[ABCDGIRSTW][ABCDGIRSTW]* .* \(.*\)$/  {"lib\1", (void *) \&\1},/p'\'''
lt_cv_sys_global_symbol_to_cdecl='sed -n -e '\''s/^T .* \(.*\)$/extern int \1();/p'\'' -e '\''s/^[ABCDGIRSTW][ABCDGIRSTW]* .* \(.*\)$/extern char \1;/p'\'''
lt_cv_sys_global_symbol_to_import=
lt_cv_sys_max_cmd_len=1572864
lt_cv_to_host_file_cmd=func_convert_file_noop
lt_cv_to_tool_file_cmd=func_convert_file_noop
lt_cv_truncate_bin='/usr/bin/dd bs=4096 count=1'

## ----------------- ##
## Output variables. ##
## ----------------- ##

ACLOCAL='${SHELL} '\''/home/lighthouse/3rd/expat/expat-2.4.1/conftools/missing'\'' aclocal-1.16'
AMDEPBACKSLASH='\'
AMDEP_FALSE='#'
AMDEP_TRUE=''
AMTAR='$${TAR-tar}'
AM_BACKSLASH='\'
AM_CFLAGS='-Wall -Wextra -fexceptions -fno-strict-aliasing -Wmissing-prototypes -Wstrict-prototypes -pedantic -Wduplicated-cond -Wduplicated-branches -Wlogical-op -Wrestrict -Wnull-dereference -Wjump-misses-init -Wdouble-promotion -Wshadow -Wformat=2 -Wno-pedantic-ms-format -Wmisleading-indentation -fvisibility=hidden'
AM_CPPFLAGS='-DXML_ENABLE_VISIBILITY=1'
AM_CXXFLAGS='-Wall -Wextra -fexceptions -fno-strict-aliasing'
AM_DEFAULT_V='$(AM_DEFAULT_VERBOSITY)'
AM_DEFAULT_VERBOSITY='1'
AM_LDFLAGS='-fno-strict-aliasing'
AM_V='$(V)'
AR='ar'
AS='as'
AUTOCONF='${SHELL} '\''/home/lighthouse/3rd/expat/expat-2.4.1/conftools/missing'\'' autoconf'
AUTOHEADER='${SHELL} '\''/home/lighthouse/3rd/expat/expat-2.4.1/conftools/missing'\'' autoheader'
AUTOMAKE='${SHELL} '\''/home/lighthouse/3rd/expat/expat-2.4.1/conftools/missing'\'' automake-1.16'
AWK='gawk'
CC='gcc'
CCDEPMODE='depmode=gcc3'
CFLAGS='-g -O2'
CPP='gcc -E'
CPPFLAGS=''
CXX='g++'
CXXCPP='g++ -E'
CXXDEPMODE='depmode=gcc3'
CXXFLAGS='-g -O2'
CYGPATH_W='echo'
DEFS='-DHAVE_CONFIG_H'
DEPDIR='.deps'
DLLTOOL='false'
DOCBOOK_TO_MAN=''
DSYMUTIL=''
DUMPBIN=''
ECHO_C=''
ECHO_N='-n'
ECHO_T=''
EGREP='/usr/bin/grep -E'
EXEEXT=''
EXPAT_ATTR_INFO='OFF'
EXPAT_CHAR_TYPE='char'
EXPAT_CONTEXT_BYTES='1024'
EXPAT_DTD='ON'
EXPAT_LARGE_SIZE='OFF'
EXPAT_MIN_SIZE='OFF'
EXPAT_NS='ON'
FGREP='/usr/bin/grep -F'
FILEMAP='unixfilemap'
GREP='/usr/bin/grep'
INSTALL_DATA='${INSTALL} -m 644'
INSTALL_PROGRAM='${INSTALL}'
INSTALL_SCRIPT='${INSTALL}'
INSTALL_STRIP_PROGRAM='$(install_sh) -c -s'
LD='/usr/bin/ld -m elf_x86_64'
LDFLAGS=''
LIBAGE='8'
LIBCURRENT='9'
LIBDIR_BASENAME='lib'
LIBOBJS=''
LIBREVISION='1'
LIBS=''
LIBTOOL='$(SHELL) $(top_builddir)/libtool'
LIPO=''
LN_S='ln -s'
LTLIBOBJS=''
LT_SYS_LIBRARY_PATH=''
MAKEINFO='${SHELL} '\''/home/lighthouse/3rd/expat/expat-2.4.1/conftools/missing'\'' makeinfo'
MANIFEST_TOOL=':'
MINGW_FALSE=''
MINGW_TRUE='#'
MKDIR_P='/usr/bin/mkdir -p'
NM='/usr/bin/nm -B'
NMEDIT=''
OBJDUMP='objdump'
OBJEXT='o'
OTOOL64=''
OTOOL=''
PACKAGE='expat'
PACKAGE_BUGREPORT='expat-bugs@libexpat.org'
PACKAGE_NAME='expat'
PACKAGE_STRING='expat 2.4.1'
PACKAGE_TARNAME='expat'
PACKAGE_URL=''
PACKAGE_VERSION='2.4.1'
PATH_SEPARATOR=':'
RANLIB='ranlib'
SED='/usr/bin/sed'
SET_MAKE=''
SHELL='/bin/sh'
SO_MAJOR='1'
SO_MINOR='8'
SO_PATCH='1'
STRIP='strip'
UNICODE_FALSE=''
UNICODE_TRUE='#'
VERSION='2.4.1'
WITH_DOCBOOK_FALSE=''
WITH_DOCBOOK_TRUE='#'
WITH_EXAMPLES_FALSE='#'
WITH_EXAMPLES_TRUE=''
WITH_TESTS_FALSE='#'
WITH_TESTS_TRUE=''
WITH_XMLWF_FALSE='#'
WITH_XMLWF_TRUE=''
_EXPAT_OUTPUT_NAME='expat'
_INTERNAL_LARGE_SIZE_FALSE=''
_INTERNAL_LARGE_SIZE_TRUE='#'
_INTERNAL_MIN_SIZE_FALSE=''
_INTERNAL_MIN_SIZE_TRUE='#'
_INTERNAL_UNICODE_WCHAR_T_FALSE=''
_INTERNAL_UNICODE_WCHAR_T_TRUE='#'
ac_ct_AR='ar'
ac_ct_CC='gcc'
ac_ct_CXX='g++'
ac_ct_DUMPBIN=''
ac_cv_sizeof_void_p='8'
am__EXEEXT_FALSE=''
am__EXEEXT_TRUE='#'
am__fastdepCC_FALSE='#'
am__fastdepCC_TRUE=''
am__fastdepCXX_FALSE='#'
am__fastdepCXX_TRUE=''
am__include='include'
am__isrc=''
am__leading_dot='.'
am__nodep='_no'
am__quote=''
am__tar='$${TAR-tar} chof - "$$tardir"'
am__untar='$${TAR-tar} xf -'
bindir='${exec_prefix}/bin'
build='x86_64-pc-linux-gnu'
build_alias=''
build_cpu='x86_64'
build_os='linux-gnu'
build_vendor='pc'
datadir='${datarootdir}'
datarootdir='${prefix}/share'
docdir='${datarootdir}/doc/${PACKAGE_TARNAME}'
dvidir='${docdir}'
exec_prefix='${prefix}'
host='x86_64-pc-linux-gnu'
host_alias=''
host_cpu='x86_64'
host_os='linux-gnu'
host_vendor='pc'
htmldir='${docdir}'
includedir='${prefix}/include'
infodir='${datarootdir}/info'
install_sh='${SHELL} /home/lighthouse/3rd/expat/expat-2.4.1/conftools/install-sh'
libdir='${exec_prefix}/lib'
libexecdir='${exec_prefix}/libexec'
localedir='${datarootdir}/locale'
localstatedir='${prefix}/var'
mandir='${datarootdir}/man'
mkdir_p='$(MKDIR_P)'
oldincludedir='/usr/include'
pdfdir='${docdir}'
prefix='/usr/local'
program_transform_name='s,x,x,'
psdir='${docdir}'
runstatedir='${localstatedir}/run'
sbindir='${exec_prefix}/sbin'
sharedstatedir='${prefix}/com'
sysconfdir='${prefix}/etc'
target_alias=''

## ------------------- ##
## File substitutions. ##
## ------------------- ##

PACKAGE_INIT='./cmake/autotools/expat-package-init.cmake'

## ----------- ##
## confdefs.h. ##
## ----------- ##

/* confdefs.h */
#define PACKAGE_NAME "expat"
#define PACKAGE_TARNAME "expat"
#define PACKAGE_VERSION "2.4.1"
#define PACKAGE_STRING "expat 2.4.1"
#define PACKAGE_BUGREPORT "expat-bugs@libexpat.org"
#define PACKAGE_URL ""
#define PACKAGE "expat"
#define VERSION "2.4.1"
#define STDC_HEADERS 1
#define HAVE_SYS_TYPES_H 1
#define HAVE_SYS_STAT_H 1
#define HAVE_STDLIB_H 1
#define HAVE_STRING_H 1
#define HAVE_MEMORY_H 1
#define HAVE_STRINGS_H 1
#define HAVE_INTTYPES_H 1
#define HAVE_STDINT_H 1
#define HAVE_UNISTD_H 1
#define HAVE_DLFCN_H 1
#define LT_OBJDIR ".libs/"
#define BYTEORDER 1234
#define HAVE_GETRANDOM 1
#define HAVE_SYSCALL_GETRANDOM 1
#define HAVE_FCNTL_H 1
#define HAVE_UNISTD_H 1
#define HAVE_STDLIB_H 1
#define HAVE_UNISTD_H 1
#define HAVE_SYS_PARAM_H 1
#define HAVE_GETPAGESIZE 1
#define HAVE_MMAP 1
#define XML_NS 1
#define XML_DTD 1
#define XML_DEV_URANDOM 1
#define XML_CONTEXT_BYTES 1024
#define SIZEOF_VOID_P 8

configure: exit 0
